[17:03:00] [ServerMain/INFO]: [bootstrap] Running Java 21 (Java HotSpot(TM) 64-Bit Server VM 21.0.5+9-LTS-239; Oracle Corporation null) on Linux 6.1.0-28-amd64 (amd64)
[17:03:00] [ServerMain/INFO]: [bootstrap] Loading Paper 1.21.3-81-master@da71382 (2024-12-03T14:58:13Z) for Minecraft 1.21.3
[17:03:01] [ServerMain/INFO]: [PluginInitializerManager] Initializing plugins...
[17:03:01] [ServerMain/INFO]: [PluginInitializerManager] Initialized 0 plugins
[17:03:08] [ServerMain/INFO]: Environment: Environment[sessionHost=https://sessionserver.mojang.com, servicesHost=https://api.minecraftservices.com, name=PROD]
[17:03:09] [ServerMain/INFO]: Found new data pack file/bukkit, loading it automatically
[17:03:09] [ServerMain/INFO]: Found new data pack paper, loading it automatically
[17:03:10] [ServerMain/INFO]: No existing world data, creating new world
[17:03:12] [ServerMain/INFO]: Loaded 1337 recipes
[17:03:12] [ServerMain/INFO]: Loaded 1448 advancements
[17:03:12] [Server thread/INFO]: Starting minecraft server version 1.21.3
[17:03:12] [Server thread/WARN]: ****************************
[17:03:12] [Server thread/WARN]: YOU ARE RUNNING THIS SERVER AS AN ADMINISTRATIVE OR ROOT USER. THIS IS NOT ADVISED.
[17:03:12] [Server thread/WARN]: YOU ARE OPENING YOURSELF UP TO POTENTIAL RISKS WHEN DOING THIS.
[17:03:12] [Server thread/WARN]: FOR MORE INFORMATION, SEE https://madelinemiller.dev/blog/root-minecraft-server/
[17:03:12] [Server thread/WARN]: ****************************
[17:03:12] [Server thread/INFO]: Loading properties
[17:03:12] [Server thread/INFO]: This server is running Paper version 1.21.3-81-master@da71382 (2024-12-03T14:58:13Z) (Implementing API version 1.21.3-R0.1-SNAPSHOT)
[17:03:13] [Server thread/INFO]: [spark] This server bundles the spark profiler. For more information please visit https://docs.papermc.io/paper/profiling
[17:03:13] [Server thread/INFO]: Server Ping Player Sample Count: 12
[17:03:13] [Server thread/INFO]: Using 4 threads for Netty based IO
[17:03:14] [Server thread/INFO]: [MoonriseCommon] Paper is using 1 worker threads, 1 I/O threads
[17:03:14] [Server thread/INFO]: [ChunkTaskScheduler] Chunk system is using population gen parallelism: true
[17:03:15] [Server thread/INFO]: Default game type: SURVIVAL
[17:03:15] [Server thread/INFO]: Generating keypair
[17:03:15] [Server thread/INFO]: Starting Minecraft server on *:25565
[17:03:15] [Server thread/INFO]: Using epoll channel type
[17:03:15] [Server thread/INFO]: Paper: Using libdeflate (Linux x86_64) compression from Velocity.
[17:03:15] [Server thread/INFO]: Paper: Using OpenSSL 3.x.x (Linux x86_64) cipher from Velocity.
[17:03:15] [Server thread/WARN]: **** FAILED TO BIND TO PORT!
[17:03:15] [Server thread/WARN]: The exception was: io.netty.channel.unix.Errors$NativeIoException: bind(..) failed: Address already in use
[17:03:15] [Server thread/WARN]: Perhaps a server is already running on that port?
[17:03:15] [Server thread/ERROR]: Encountered an unexpected exception
java.lang.IllegalStateException: Failed to bind to port
	at net.minecraft.server.dedicated.DedicatedServer.initServer(DedicatedServer.java:283) ~[paper-1.21.3.jar:1.21.3-81-da71382]
	at net.minecraft.server.MinecraftServer.runServer(MinecraftServer.java:1235) ~[paper-1.21.3.jar:1.21.3-81-da71382]
	at net.minecraft.server.MinecraftServer.lambda$spin$0(MinecraftServer.java:340) ~[paper-1.21.3.jar:1.21.3-81-da71382]
	at java.base/java.lang.Thread.run(Thread.java:1583) ~[?:?]
Caused by: io.netty.channel.unix.Errors$NativeIoException: bind(..) failed: Address already in use
[17:03:15] [Server thread/ERROR]: This crash report has been saved to: /home/archy/Documents/minecraftperso/crash-reports/crash-2024-12-08_17.03.15-server.txt
[17:03:15] [Server thread/INFO]: Stopping server
[17:03:15] [Server thread/INFO]: Saving players
[17:03:16] [Server thread/INFO]: Saving worlds
[17:03:16] [Server thread/INFO]: ThreadedAnvilChunkStorage: All dimensions are saved
[17:03:16] [Server thread/INFO]: Waiting for I/O tasks to complete...
[17:03:16] [Server thread/INFO]: All I/O tasks to complete
[17:03:16] [Server thread/INFO]: [MoonriseCommon] Awaiting termination of worker pool for up to 60s...
[17:03:16] [Server thread/INFO]: [MoonriseCommon] Awaiting termination of I/O pool for up to 60s...
